2024-11-14 09:02:02 [INFO]: Connecting to PostgreSQL at
2024-11-14 09:02:02 [INFO]: Server running on port 3003
2024-11-14 09:16:01 [INFO]: Connected to the PostgreSQL database
2024-11-14 09:16:29 [INFO]: Connected to the PostgreSQL database
2024-11-14 09:16:46 [INFO]: Connected to the PostgreSQL database
2024-11-14 09:18:16 [INFO]: Connecting to PostgreSQL at
2024-11-14 09:18:16 [INFO]: Server running on port 3003
2024-11-14 09:33:00 [INFO]: Connecting to PostgreSQL at
2024-11-14 09:33:00 [INFO]: Server running on port 3003
2024-11-14 09:33:21 [INFO]: Connecting to PostgreSQL at
2024-11-14 09:33:21 [INFO]: Server running on port 3003
2024-11-14 09:33:25 [INFO]: Connected to the PostgreSQL database
2024-11-14 09:33:25 [ERROR]: res.stats is not a function
2024-11-14 09:33:25 [ERROR]: res.stats is not a function
2024-11-14 09:33:36 [INFO]: Connecting to PostgreSQL at
2024-11-14 09:33:36 [INFO]: Server running on port 3003
2024-11-14 09:33:37 [INFO]: Connected to the PostgreSQL database
2024-11-14 09:36:23 [INFO]: Connected to the PostgreSQL database
2024-11-14 09:43:42 [INFO]: Connecting to PostgreSQL at
2024-11-14 09:43:42 [INFO]: Server running on port 3003
2024-11-14 09:43:47 [INFO]: Connecting to PostgreSQL at
2024-11-14 09:43:47 [INFO]: Server running on port 3003
2024-11-14 09:44:17 [INFO]: Connected to the PostgreSQL database
2024-11-14 09:44:47 [INFO]: Connected to the PostgreSQL database
2024-11-14 09:46:17 [INFO]: Connecting to PostgreSQL at
2024-11-14 09:46:17 [INFO]: Server running on port 3003
2024-11-14 09:46:33 [INFO]: Connecting to PostgreSQL at
2024-11-14 09:46:33 [INFO]: Server running on port 3003
2024-11-14 09:47:03 [INFO]: Connecting to PostgreSQL at
2024-11-14 09:47:03 [INFO]: Server running on port 3003
2024-11-14 09:47:05 [INFO]: Connected to the PostgreSQL database
2024-11-14 09:50:10 [INFO]: Connecting to PostgreSQL at
2024-11-14 09:50:10 [INFO]: Server running on port 3003
2024-11-14 09:50:12 [INFO]: Connected to the PostgreSQL database
2024-11-14 09:56:44 [INFO]: Connecting to PostgreSQL at
2024-11-14 09:56:44 [INFO]: Server running on port 3003
2024-11-14 09:56:50 [INFO]: Connected to the PostgreSQL database
2024-11-14 09:57:30 [INFO]: Connected to the PostgreSQL database
2024-11-14 09:58:21 [INFO]: Connecting to PostgreSQL at
2024-11-14 09:58:21 [INFO]: Server running on port 3003
2024-11-14 09:58:24 [INFO]: Connected to the PostgreSQL database
2024-11-14 09:58:32 [INFO]: Connecting to PostgreSQL at
2024-11-14 09:58:32 [INFO]: Server running on port 3003
2024-11-14 10:00:19 [INFO]: Connecting to PostgreSQL at
2024-11-14 10:00:19 [INFO]: Server running on port 3003
2024-11-14 10:01:43 [INFO]: Connecting to PostgreSQL at
2024-11-14 10:01:43 [INFO]: Server running on port 3003
2024-11-14 10:01:52 [INFO]: Connecting to PostgreSQL at
2024-11-14 10:01:52 [INFO]: Server running on port 3003
2024-11-14 10:01:57 [INFO]: Connecting to PostgreSQL at
2024-11-14 10:01:57 [INFO]: Server running on port 3003
2024-11-14 10:02:56 [INFO]: Connecting to PostgreSQL at
2024-11-14 10:02:56 [INFO]: Server running on port 3003
2024-11-14 10:02:57 [INFO]: Connecting to PostgreSQL at
2024-11-14 10:02:57 [INFO]: Server running on port 3003
2024-11-14 10:03:03 [INFO]: Connected to the PostgreSQL database
2024-11-14 10:03:10 [INFO]: Connecting to PostgreSQL at
2024-11-14 10:03:10 [INFO]: Server running on port 3003
2024-11-14 10:03:58 [INFO]: Connecting to PostgreSQL at
2024-11-14 10:03:58 [INFO]: Server running on port 3003
2024-11-14 10:03:59 [INFO]: Connecting to PostgreSQL at
2024-11-14 10:03:59 [INFO]: Server running on port 3003
2024-11-14 10:04:00 [INFO]: Connected to the PostgreSQL database
2024-11-14 10:04:17 [INFO]: Connecting to PostgreSQL at
2024-11-14 10:04:17 [INFO]: Server running on port 3003
2024-11-14 10:04:26 [INFO]: Connected to the PostgreSQL database
2024-11-14 10:04:48 [INFO]: Connecting to PostgreSQL at
2024-11-14 10:04:48 [INFO]: Server running on port 3003
2024-11-14 10:05:03 [INFO]: Connecting to PostgreSQL at
2024-11-14 10:05:03 [INFO]: Server running on port 3003
2024-11-14 10:09:55 [INFO]: Connecting to PostgreSQL at
2024-11-14 10:09:55 [INFO]: Server running on port 3003
2024-11-14 10:10:06 [INFO]: Connecting to PostgreSQL at
2024-11-14 10:10:06 [INFO]: Server running on port 3003
2024-11-14 10:11:11 [INFO]: Connecting to PostgreSQL at
2024-11-14 10:11:11 [INFO]: Server running on port 3003
2024-11-14 10:12:37 [INFO]: Connecting to PostgreSQL at
2024-11-14 10:12:37 [INFO]: Server running on port 3003
2024-11-14 10:20:13 [INFO]: Connecting to PostgreSQL at
2024-11-14 10:20:13 [INFO]: Server running on port 3003
2024-11-14 10:20:23 [INFO]: Connecting to PostgreSQL at
2024-11-14 10:20:23 [INFO]: Server running on port 3003
2024-11-14 10:20:47 [INFO]: Connecting to PostgreSQL at
2024-11-14 10:20:47 [INFO]: Server running on port 3003
2024-11-14 10:20:53 [INFO]: Connecting to PostgreSQL at
2024-11-14 10:20:53 [INFO]: Server running on port 3003
2024-11-14 10:20:55 [ERROR]: Invalid token: jwt expired
2024-11-14 10:21:08 [INFO]: Connected to the PostgreSQL database
2024-11-14 10:22:48 [INFO]: Connecting to PostgreSQL at
2024-11-14 10:22:48 [INFO]: Server running on port 3003
2024-11-14 10:23:02 [INFO]: Connecting to PostgreSQL at
2024-11-14 10:23:02 [INFO]: Server running on port 3003
2024-11-14 10:23:19 [INFO]: Connecting to PostgreSQL at
2024-11-14 10:23:19 [INFO]: Server running on port 3003
2024-11-14 10:23:21 [INFO]: Connected to the PostgreSQL database
2024-11-14 10:23:50 [INFO]: Connecting to PostgreSQL at
2024-11-14 10:23:50 [INFO]: Server running on port 3003
2024-11-14 10:25:35 [INFO]: Connecting to PostgreSQL at
2024-11-14 10:25:35 [INFO]: Server running on port 3003
2024-11-14 10:36:20 [INFO]: Connecting to PostgreSQL at
2024-11-14 10:36:20 [INFO]: Server running on port 3003
2024-11-14 10:36:23 [INFO]: Connecting to PostgreSQL at
2024-11-14 10:36:23 [INFO]: Server running on port 3003
2024-11-14 10:36:54 [INFO]: Connecting to PostgreSQL at
2024-11-14 10:36:54 [INFO]: Server running on port 3003
2024-11-14 10:37:56 [INFO]: Connecting to PostgreSQL at
2024-11-14 10:37:56 [INFO]: Server running on port 3003
2024-11-14 10:38:23 [INFO]: Connecting to PostgreSQL at
2024-11-14 10:38:23 [INFO]: Server running on port 3003
2024-11-14 10:38:24 [ERROR]: todoModel.getTodos is not a function
2024-11-14 10:38:24 [ERROR]: todoModel.getTodos is not a function
2024-11-14 10:38:40 [INFO]: Connecting to PostgreSQL at
2024-11-14 10:38:40 [INFO]: Server running on port 3003
2024-11-14 10:38:43 [INFO]: Connected to the PostgreSQL database
2024-11-14 10:38:43 [ERROR]: column "is_complete" does not exist
2024-11-14 10:38:43 [ERROR]: column "is_complete" does not exist
2024-11-14 10:39:03 [INFO]: Connecting to PostgreSQL at
2024-11-14 10:39:03 [INFO]: Server running on port 3003
2024-11-14 10:39:06 [INFO]: Connected to the PostgreSQL database
2024-11-14 10:40:28 [INFO]: Connecting to PostgreSQL at
2024-11-14 10:40:28 [INFO]: Server running on port 3003
2024-11-14 10:40:38 [INFO]: Connecting to PostgreSQL at
2024-11-14 10:40:38 [INFO]: Server running on port 3003
2024-11-14 10:40:41 [INFO]: Connecting to PostgreSQL at
2024-11-14 10:40:41 [INFO]: Server running on port 3003
2024-11-14 10:41:06 [INFO]: Connected to the PostgreSQL database
2024-11-14 10:42:57 [INFO]: Connecting to PostgreSQL at
2024-11-14 10:42:57 [INFO]: Server running on port 3003
2024-11-14 10:43:00 [INFO]: Connected to the PostgreSQL database
2024-11-14 10:43:11 [INFO]: Connecting to PostgreSQL at
2024-11-14 10:43:11 [INFO]: Server running on port 3003
2024-11-14 10:43:12 [INFO]: Connected to the PostgreSQL database
2024-11-14 10:57:03 [INFO]: Connecting to PostgreSQL at
2024-11-14 10:57:03 [INFO]: Server running on port 3003
2024-11-14 10:57:11 [INFO]: Connecting to PostgreSQL at
2024-11-14 10:57:11 [INFO]: Server running on port 3003
2024-11-14 11:12:27 [INFO]: Connecting to PostgreSQL at
2024-11-14 11:12:27 [INFO]: Server running on port 3003
2024-11-14 11:12:39 [INFO]: Connecting to PostgreSQL at
2024-11-14 11:12:39 [INFO]: Server running on port 3003
2024-11-14 11:12:42 [INFO]: Connecting to PostgreSQL at
2024-11-14 11:12:42 [INFO]: Server running on port 3003
2024-11-14 11:12:46 [INFO]: Connected to the PostgreSQL database
2024-11-14 11:12:57 [INFO]: Connected to the PostgreSQL database
2024-11-14 11:16:31 [INFO]: Connected to the PostgreSQL database
2024-11-14 11:16:31 [ERROR]: invalid input syntax for type bigint: "asdfasdf"
2024-11-14 11:16:31 [ERROR]: invalid input syntax for type bigint: "asdfasdf"
2024-11-14 11:19:53 [INFO]: Connecting to PostgreSQL at
2024-11-14 11:19:53 [INFO]: Server running on port 3003
2024-11-14 11:19:58 [INFO]: Connected to the PostgreSQL database
2024-11-14 11:19:58 [ERROR]: invalid input syntax for type bigint: "asdfasdf"
2024-11-14 11:19:58 [ERROR]: invalid input syntax for type bigint: "asdfasdf"
2024-11-14 11:20:06 [INFO]: Connecting to PostgreSQL at
2024-11-14 11:20:06 [INFO]: Server running on port 3003
2024-11-14 11:20:57 [INFO]: Connecting to PostgreSQL at
2024-11-14 11:20:57 [INFO]: Server running on port 3003
2024-11-14 11:21:04 [INFO]: Connecting to PostgreSQL at
2024-11-14 11:21:04 [INFO]: Server running on port 3003
2024-11-14 11:21:30 [INFO]: Connecting to PostgreSQL at
2024-11-14 11:21:30 [INFO]: Server running on port 3003
2024-11-14 11:21:31 [INFO]: Connecting to PostgreSQL at
2024-11-14 11:21:31 [INFO]: Server running on port 3003
2024-11-14 11:22:35 [INFO]: Connecting to PostgreSQL at
2024-11-14 11:22:35 [INFO]: Server running on port 3003
2024-11-14 11:24:16 [INFO]: Connecting to PostgreSQL at
2024-11-14 11:24:16 [INFO]: Server running on port 3003
2024-11-14 11:24:46 [INFO]: Connecting to PostgreSQL at
2024-11-14 11:24:46 [INFO]: Server running on port 3003
2024-11-14 11:24:51 [INFO]: Connecting to PostgreSQL at
2024-11-14 11:24:51 [INFO]: Server running on port 3003
2024-11-14 11:25:36 [INFO]: Connecting to PostgreSQL at
2024-11-14 11:25:36 [INFO]: Server running on port 3003
2024-11-14 11:25:57 [INFO]: Connecting to PostgreSQL at
2024-11-14 11:25:58 [INFO]: Server running on port 3003
2024-11-14 11:26:05 [INFO]: Connecting to PostgreSQL at
2024-11-14 11:26:05 [INFO]: Server running on port 3003
2024-11-14 11:26:28 [INFO]: Connecting to PostgreSQL at
2024-11-14 11:26:28 [INFO]: Server running on port 3003
2024-11-14 11:26:32 [INFO]: Connecting to PostgreSQL at
2024-11-14 11:26:32 [INFO]: Server running on port 3003
2024-11-14 11:42:35 [INFO]: Connecting to PostgreSQL at
2024-11-14 11:42:35 [INFO]: Server running on port 3003
2024-11-14 11:43:14 [INFO]: Connecting to PostgreSQL at
2024-11-14 11:43:14 [INFO]: Server running on port 3003
2024-11-14 11:44:19 [INFO]: Connecting to PostgreSQL at
2024-11-14 11:44:19 [INFO]: Server running on port 3003
2024-11-14 11:45:24 [INFO]: Connecting to PostgreSQL at
2024-11-14 11:45:24 [INFO]: Server running on port 3003
2024-11-14 11:46:07 [INFO]: Connecting to PostgreSQL at
2024-11-14 11:46:07 [INFO]: Server running on port 3003
2024-11-14 11:46:12 [INFO]: Connecting to PostgreSQL at
2024-11-14 11:46:12 [INFO]: Server running on port 3003
2024-11-14 11:46:17 [INFO]: Connecting to PostgreSQL at
2024-11-14 11:46:17 [INFO]: Server running on port 3003
2024-11-14 11:46:25 [INFO]: Connecting to PostgreSQL at
2024-11-14 11:46:25 [INFO]: Server running on port 3003
2024-11-14 11:46:26 [INFO]: Connecting to PostgreSQL at
2024-11-14 11:46:26 [INFO]: Server running on port 3003
2024-11-14 11:47:16 [ERROR]: Invalid token: jwt expired
2024-11-14 11:47:23 [INFO]: Connected to the PostgreSQL database
2024-11-14 11:49:07 [INFO]: Connecting to PostgreSQL at
2024-11-14 11:49:07 [INFO]: Server running on port 3003
2024-11-14 14:12:06 [INFO]: Connecting to PostgreSQL at
2024-11-14 14:12:06 [INFO]: Server running on port 3003
2024-11-14 14:12:15 [INFO]: Connecting to PostgreSQL at
2024-11-14 14:12:15 [INFO]: Server running on port 3003
2024-11-14 14:12:52 [INFO]: Connecting to PostgreSQL at
2024-11-14 14:12:52 [INFO]: Server running on port 3003
2024-11-14 14:13:28 [INFO]: Connecting to PostgreSQL at
2024-11-14 14:13:28 [INFO]: Server running on port 3003
2024-11-14 14:14:04 [INFO]: Connecting to PostgreSQL at
2024-11-14 14:14:04 [INFO]: Server running on port 3003
2024-11-14 14:14:38 [INFO]: Connecting to PostgreSQL at
2024-11-14 14:14:38 [INFO]: Server running on port 3003
2024-11-14 14:15:08 [INFO]: Connecting to PostgreSQL at
2024-11-14 14:15:08 [INFO]: Server running on port 3003
2024-11-14 14:15:11 [INFO]: Connecting to PostgreSQL at
2024-11-14 14:15:11 [INFO]: Server running on port 3003
2024-11-14 14:15:35 [INFO]: Connecting to PostgreSQL at
2024-11-14 14:15:35 [INFO]: Server running on port 3003
2024-11-14 14:15:36 [INFO]: Connecting to PostgreSQL at
2024-11-14 14:15:36 [INFO]: Server running on port 3003
2024-11-14 14:15:42 [INFO]: Connected to the PostgreSQL database
2024-11-14 14:16:16 [INFO]: Connected to the PostgreSQL database
2024-11-14 14:19:03 [INFO]: Connecting to PostgreSQL at
2024-11-14 14:19:03 [INFO]: Server running on port 3003
2024-11-14 14:19:34 [INFO]: Connecting to PostgreSQL at
2024-11-14 14:19:34 [INFO]: Server running on port 3003
2024-11-14 14:19:36 [INFO]: Connecting to PostgreSQL at
2024-11-14 14:19:36 [INFO]: Server running on port 3003
2024-11-14 14:19:39 [INFO]: Connecting to PostgreSQL at
2024-11-14 14:19:39 [INFO]: Server running on port 3003
2024-11-14 14:19:42 [ERROR]: log is not defined
2024-11-14 14:19:42 [ERROR]: log is not defined
2024-11-14 14:19:42 [INFO]: Connected to the PostgreSQL database
2024-11-14 14:19:50 [INFO]: Connecting to PostgreSQL at
2024-11-14 14:19:50 [INFO]: Server running on port 3003
2024-11-14 14:19:51 [INFO]: Connected to the PostgreSQL database
2024-11-14 14:20:01 [INFO]: Connecting to PostgreSQL at
2024-11-14 14:20:01 [INFO]: Server running on port 3003
2024-11-14 14:20:02 [INFO]: Connected to the PostgreSQL database
2024-11-14 14:20:38 [INFO]: Connected to the PostgreSQL database
2024-11-14 14:21:09 [INFO]: Connected to the PostgreSQL database
2024-11-14 14:21:33 [INFO]: Connecting to PostgreSQL at
2024-11-14 14:21:33 [INFO]: Server running on port 3003
2024-11-14 14:21:34 [INFO]: Connecting to PostgreSQL at
2024-11-14 14:21:34 [INFO]: Server running on port 3003
2024-11-14 14:21:36 [INFO]: Connected to the PostgreSQL database
2024-11-14 14:21:39 [INFO]: Connecting to PostgreSQL at
2024-11-14 14:21:39 [INFO]: Server running on port 3003
2024-11-14 14:21:46 [INFO]: Connecting to PostgreSQL at
2024-11-14 14:21:46 [INFO]: Server running on port 3003
2024-11-14 14:21:47 [INFO]: Connected to the PostgreSQL database
2024-11-14 14:35:17 [INFO]: Connecting to PostgreSQL at
2024-11-14 14:35:17 [INFO]: Server running on port 3003
2024-11-14 14:36:18 [INFO]: Connecting to PostgreSQL at
2024-11-14 14:36:18 [INFO]: Server running on port 3003
2024-11-14 14:36:35 [INFO]: Connecting to PostgreSQL at
2024-11-14 14:36:35 [INFO]: Server running on port 3003
2024-11-14 14:36:56 [INFO]: Connecting to PostgreSQL at
2024-11-14 14:36:56 [INFO]: Server running on port 3003
2024-11-14 14:47:15 [INFO]: Connecting to PostgreSQL at
2024-11-14 14:47:15 [INFO]: Server running on port 3003
2024-11-14 14:48:20 [INFO]: Connecting to PostgreSQL at
2024-11-14 14:48:20 [INFO]: Server running on port 3003
2024-11-14 14:49:28 [INFO]: Connecting to PostgreSQL at
2024-11-14 14:49:28 [INFO]: Server running on port 3003
2024-11-14 14:54:41 [INFO]: Connecting to PostgreSQL at
2024-11-14 14:54:41 [INFO]: Server running on port 3003
2024-11-14 14:55:06 [INFO]: Connecting to PostgreSQL at
2024-11-14 14:55:06 [INFO]: Server running on port 3003
2024-11-14 15:04:34 [INFO]: Connecting to PostgreSQL at
2024-11-14 15:04:34 [INFO]: Server running on port 3003
2024-11-14 15:04:47 [INFO]: Connecting to PostgreSQL at
2024-11-14 15:04:47 [INFO]: Server running on port 3003
2024-11-14 15:05:19 [INFO]: Connected to the PostgreSQL database
2024-11-14 15:05:52 [INFO]: Connected to the PostgreSQL database
2024-11-14 15:06:30 [INFO]: Connected to the PostgreSQL database
2024-11-14 15:06:48 [INFO]: Connected to the PostgreSQL database
2024-11-14 15:06:59 [INFO]: Connected to the PostgreSQL database
2024-11-14 15:07:10 [INFO]: Connected to the PostgreSQL database
2024-11-14 15:07:57 [INFO]: Connecting to PostgreSQL at
2024-11-14 15:07:58 [INFO]: Server running on port 3003
2024-11-14 15:09:53 [INFO]: Connecting to PostgreSQL at
2024-11-14 15:09:53 [INFO]: Server running on port 3003
