2024-11-15 08:29:18 [INFO]: Connecting to PostgreSQL at
2024-11-15 08:29:18 [INFO]: Connected to the PostgreSQL database
2024-11-15 08:29:35 [INFO]: Connecting to PostgreSQL at
2024-11-15 08:29:35 [INFO]: Connected to the PostgreSQL database
2024-11-15 08:31:24 [INFO]: Connecting to PostgreSQL at
2024-11-15 08:31:24 [INFO]: Connected to the PostgreSQL database
2024-11-15 08:32:01 [INFO]: Connecting to PostgreSQL at
2024-11-15 08:32:01 [INFO]: Connected to the PostgreSQL database
2024-11-15 08:32:41 [INFO]: Connecting to PostgreSQL at
2024-11-15 08:32:41 [INFO]: Connected to the PostgreSQL database
2024-11-15 08:33:50 [INFO]: Connecting to PostgreSQL at
2024-11-15 08:33:50 [INFO]: Server running on port 3003
2024-11-15 08:34:11 [INFO]: Connecting to PostgreSQL at
2024-11-15 08:34:11 [INFO]: Connected to the PostgreSQL database
2024-11-15 08:34:38 [INFO]: Connecting to PostgreSQL at
2024-11-15 08:34:38 [INFO]: Server running on port 3003
2024-11-15 08:34:40 [INFO]: Connecting to PostgreSQL at
2024-11-15 08:34:40 [INFO]: Connected to the PostgreSQL database
2024-11-15 08:34:51 [INFO]: Connecting to PostgreSQL at
2024-11-15 08:34:51 [INFO]: Server running on port 3003
2024-11-15 08:35:40 [INFO]: Connecting to PostgreSQL at
2024-11-15 08:35:40 [INFO]: Server running on port 3003
2024-11-15 08:41:10 [INFO]: Connecting to PostgreSQL at
2024-11-15 08:41:10 [INFO]: Server running on port 3003
2024-11-15 08:41:44 [INFO]: Connecting to PostgreSQL at
2024-11-15 08:41:44 [INFO]: Server running on port 3003
2024-11-15 08:42:49 [INFO]: Connecting to PostgreSQL at
2024-11-15 08:42:49 [INFO]: Server running on port 3003
2024-11-15 08:43:09 [INFO]: Connecting to PostgreSQL at
2024-11-15 08:43:09 [INFO]: Server running on port 3003
2024-11-15 08:43:14 [INFO]: Connecting to PostgreSQL at
2024-11-15 08:43:14 [INFO]: Connected to the PostgreSQL database
2024-11-15 08:43:33 [INFO]: Connected to the PostgreSQL database
2024-11-15 08:44:54 [INFO]: Connecting to PostgreSQL at
2024-11-15 08:44:54 [INFO]: Server running on port 3003
2024-11-15 08:44:57 [INFO]: Connecting to PostgreSQL at
2024-11-15 08:44:57 [INFO]: Connected to the PostgreSQL database
2024-11-15 08:45:10 [INFO]: Connecting to PostgreSQL at
2024-11-15 08:45:10 [INFO]: Server running on port 3003
2024-11-15 08:45:40 [INFO]: Connecting to PostgreSQL at
2024-11-15 08:45:40 [INFO]: Server running on port 3003
2024-11-15 08:45:49 [INFO]: Connecting to PostgreSQL at
2024-11-15 08:45:49 [INFO]: Server running on port 3003
2024-11-15 08:45:51 [INFO]: Connecting to PostgreSQL at
2024-11-15 08:45:51 [INFO]: Connected to the PostgreSQL database
2024-11-15 08:46:15 [INFO]: Connecting to PostgreSQL at
2024-11-15 08:46:15 [INFO]: Connected to the PostgreSQL database
2024-11-15 08:46:30 [INFO]: Connecting to PostgreSQL at
2024-11-15 08:46:30 [INFO]: Server running on port 3003
2024-11-15 08:46:32 [INFO]: Connecting to PostgreSQL at
2024-11-15 08:46:32 [INFO]: Connected to the PostgreSQL database
2024-11-15 08:46:33 [ERROR]: invalid input syntax for type timestamp: "Invalid date"
2024-11-15 08:46:33 [ERROR]: Error: invalid input syntax for type timestamp: "Invalid date"
2024-11-15 08:47:16 [INFO]: Connecting to PostgreSQL at
2024-11-15 08:47:16 [INFO]: Connected to the PostgreSQL database
2024-11-15 08:47:17 [ERROR]: invalid input syntax for type timestamp: "Invalid date"
2024-11-15 08:47:17 [ERROR]: Error: invalid input syntax for type timestamp: "Invalid date"
2024-11-15 08:47:29 [INFO]: Connected to the PostgreSQL database
2024-11-15 08:47:47 [INFO]: Connecting to PostgreSQL at
2024-11-15 08:47:47 [INFO]: Server running on port 3003
2024-11-15 08:47:49 [INFO]: Connecting to PostgreSQL at
2024-11-15 08:47:49 [INFO]: Connected to the PostgreSQL database
2024-11-15 08:48:11 [INFO]: Connected to the PostgreSQL database
2024-11-15 08:48:11 [ERROR]: invalid input syntax for type timestamp: "Invalid date"
2024-11-15 08:48:11 [ERROR]: Error: invalid input syntax for type timestamp: "Invalid date"
2024-11-15 08:48:18 [INFO]: Connected to the PostgreSQL database
2024-11-15 08:48:18 [ERROR]: invalid input syntax for type timestamp: "Invalid date"
2024-11-15 08:48:18 [ERROR]: Error: invalid input syntax for type timestamp: "Invalid date"
2024-11-15 08:48:41 [INFO]: Connected to the PostgreSQL database
2024-11-15 08:48:41 [ERROR]: invalid input syntax for type timestamp: "Invalid date"
2024-11-15 08:48:41 [ERROR]: Error: invalid input syntax for type timestamp: "Invalid date"
2024-11-15 08:48:45 [INFO]: Connected to the PostgreSQL database
2024-11-15 08:48:45 [ERROR]: invalid input syntax for type timestamp: "Invalid date"
2024-11-15 08:48:45 [ERROR]: Error: invalid input syntax for type timestamp: "Invalid date"
2024-11-15 08:48:51 [INFO]: Connected to the PostgreSQL database
2024-11-15 08:48:51 [ERROR]: invalid input syntax for type timestamp: "Invalid date"
2024-11-15 08:48:51 [ERROR]: Error: invalid input syntax for type timestamp: "Invalid date"
2024-11-15 08:49:32 [INFO]: Connecting to PostgreSQL at
2024-11-15 08:49:32 [INFO]: Server running on port 3003
2024-11-15 08:49:53 [INFO]: Connected to the PostgreSQL database
2024-11-15 08:50:10 [INFO]: Connecting to PostgreSQL at
2024-11-15 08:50:10 [INFO]: Server running on port 3003
2024-11-15 08:50:12 [INFO]: Connecting to PostgreSQL at
2024-11-15 08:50:12 [INFO]: Connected to the PostgreSQL database
2024-11-15 09:00:13 [INFO]: Connecting to PostgreSQL at
2024-11-15 09:00:13 [INFO]: Server running on port 3003
2024-11-15 09:00:45 [INFO]: Connecting to PostgreSQL at
2024-11-15 09:00:45 [INFO]: Server running on port 3003
2024-11-15 09:01:09 [INFO]: Connecting to PostgreSQL at
2024-11-15 09:01:09 [INFO]: Server running on port 3003
2024-11-15 09:01:11 [INFO]: Connecting to PostgreSQL at
2024-11-15 09:01:11 [INFO]: Server running on port 3003
2024-11-15 09:01:13 [INFO]: Connecting to PostgreSQL at
2024-11-15 09:01:13 [INFO]: Server running on port 3003
2024-11-15 09:01:27 [INFO]: Connecting to PostgreSQL at
2024-11-15 09:01:27 [INFO]: Server running on port 3003
2024-11-15 09:11:25 [INFO]: Connecting to PostgreSQL at
2024-11-15 09:11:25 [INFO]: Server running on port 3003
2024-11-15 09:11:30 [INFO]: Connecting to PostgreSQL at
2024-11-15 09:11:30 [INFO]: Server running on port 3003
2024-11-15 09:11:32 [INFO]: Connecting to PostgreSQL at
2024-11-15 09:11:32 [INFO]: Connected to the PostgreSQL database
2024-11-15 09:12:55 [INFO]: Connecting to PostgreSQL at
2024-11-15 09:12:55 [INFO]: Server running on port 3003
2024-11-15 09:12:57 [INFO]: Connecting to PostgreSQL at
2024-11-15 09:12:57 [INFO]: Server running on port 3003
2024-11-15 09:13:03 [INFO]: Connecting to PostgreSQL at
2024-11-15 09:13:03 [INFO]: Server running on port 3003
2024-11-15 09:13:30 [INFO]: Connecting to PostgreSQL at
2024-11-15 09:13:30 [INFO]: Server running on port 3003
2024-11-15 09:13:34 [INFO]: Connecting to PostgreSQL at
2024-11-15 09:13:34 [INFO]: Connected to the PostgreSQL database
2024-11-15 09:13:58 [INFO]: Connecting to PostgreSQL at
2024-11-15 09:13:58 [INFO]: Server running on port 3003
2024-11-15 09:14:15 [INFO]: Connecting to PostgreSQL at
2024-11-15 09:14:15 [INFO]: Server running on port 3003
2024-11-15 09:14:19 [INFO]: Connecting to PostgreSQL at
2024-11-15 09:14:19 [INFO]: Server running on port 3003
2024-11-15 09:14:23 [INFO]: Connecting to PostgreSQL at
2024-11-15 09:14:23 [INFO]: Server running on port 3003
2024-11-15 09:14:26 [INFO]: Connecting to PostgreSQL at
2024-11-15 09:14:26 [INFO]: Server running on port 3003
2024-11-15 09:14:29 [INFO]: Connecting to PostgreSQL at
2024-11-15 09:14:29 [INFO]: Server running on port 3003
2024-11-15 09:14:32 [INFO]: Connecting to PostgreSQL at
2024-11-15 09:14:32 [INFO]: Connected to the PostgreSQL database
2024-11-15 09:15:41 [INFO]: Connecting to PostgreSQL at
2024-11-15 09:15:41 [INFO]: Server running on port 3003
2024-11-15 09:16:13 [INFO]: Connecting to PostgreSQL at
2024-11-15 09:16:13 [INFO]: Server running on port 3003
2024-11-15 09:16:20 [INFO]: Connecting to PostgreSQL at
2024-11-15 09:16:20 [INFO]: Server running on port 3003
2024-11-15 09:16:23 [INFO]: Connecting to PostgreSQL at
2024-11-15 09:16:24 [INFO]: Connected to the PostgreSQL database
2024-11-15 09:18:54 [INFO]: Connecting to PostgreSQL at
2024-11-15 09:18:54 [INFO]: Connected to the PostgreSQL database
2024-11-15 09:19:30 [INFO]: Connecting to PostgreSQL at
2024-11-15 09:19:30 [INFO]: Server running on port 3003
2024-11-15 09:39:29 [INFO]: Connecting to PostgreSQL at
2024-11-15 09:39:29 [INFO]: Server running on port 3003
2024-11-15 09:39:46 [INFO]: Connecting to PostgreSQL at
2024-11-15 09:39:46 [INFO]: Server running on port 3003
2024-11-15 09:40:00 [INFO]: Connecting to PostgreSQL at
2024-11-15 09:40:00 [INFO]: Server running on port 3003
2024-11-15 09:40:04 [INFO]: Connecting to PostgreSQL at
2024-11-15 09:40:04 [INFO]: Connected to the PostgreSQL database
2024-11-15 09:40:40 [INFO]: Connected to the PostgreSQL database
2024-11-15 09:42:29 [INFO]: Connecting to PostgreSQL at
2024-11-15 09:42:29 [INFO]: Server running on port 3003
2024-11-15 09:42:30 [INFO]: Connecting to PostgreSQL at
2024-11-15 09:42:30 [INFO]: Server running on port 3003
2024-11-15 09:42:34 [INFO]: Connecting to PostgreSQL at
2024-11-15 09:42:34 [INFO]: Connected to the PostgreSQL database
2024-11-15 09:42:57 [INFO]: Connecting to PostgreSQL at
2024-11-15 09:42:57 [INFO]: Server running on port 3003
2024-11-15 09:42:59 [INFO]: Connecting to PostgreSQL at
2024-11-15 09:42:59 [INFO]: Connected to the PostgreSQL database
2024-11-15 09:44:11 [INFO]: Connecting to PostgreSQL at
2024-11-15 09:44:11 [INFO]: Server running on port 3003
2024-11-15 09:44:12 [INFO]: Connecting to PostgreSQL at
2024-11-15 09:44:12 [INFO]: Server running on port 3003
2024-11-15 09:44:13 [ERROR]: Invalid token: jwt expired
2024-11-15 09:44:25 [INFO]: Connected to the PostgreSQL database
2024-11-15 09:44:37 [INFO]: Connecting to PostgreSQL at
2024-11-15 09:44:37 [INFO]: Server running on port 3003
2024-11-15 09:44:38 [INFO]: Connected to the PostgreSQL database
2024-11-15 09:44:44 [INFO]: Connecting to PostgreSQL at
2024-11-15 09:44:44 [INFO]: Connected to the PostgreSQL database
2024-11-15 09:48:18 [INFO]: Connected to the PostgreSQL database
2024-11-15 09:48:29 [INFO]: Connected to the PostgreSQL database
2024-11-15 09:49:10 [INFO]: Connecting to PostgreSQL at
2024-11-15 09:49:10 [INFO]: Server running on port 3003
2024-11-15 09:49:12 [INFO]: Connecting to PostgreSQL at
2024-11-15 09:49:12 [INFO]: Server running on port 3003
2024-11-15 09:49:29 [INFO]: Connecting to PostgreSQL at
2024-11-15 09:49:29 [INFO]: Server running on port 3003
2024-11-15 09:49:43 [INFO]: Connecting to PostgreSQL at
2024-11-15 09:49:43 [INFO]: Server running on port 3003
2024-11-15 09:49:45 [INFO]: Connecting to PostgreSQL at
2024-11-15 09:49:46 [INFO]: Connected to the PostgreSQL database
2024-11-15 09:50:36 [INFO]: Connecting to PostgreSQL at
2024-11-15 09:50:36 [INFO]: Server running on port 3003
2024-11-15 09:50:38 [INFO]: Connecting to PostgreSQL at
2024-11-15 09:50:38 [INFO]: Connected to the PostgreSQL database
2024-11-15 09:50:50 [INFO]: Connecting to PostgreSQL at
2024-11-15 09:50:50 [INFO]: Server running on port 3003
2024-11-15 09:50:52 [INFO]: Connecting to PostgreSQL at
2024-11-15 09:50:52 [INFO]: Connected to the PostgreSQL database
2024-11-15 09:51:09 [INFO]: Connecting to PostgreSQL at
2024-11-15 09:51:09 [INFO]: Server running on port 3003
2024-11-15 09:51:12 [INFO]: Connecting to PostgreSQL at
2024-11-15 09:51:12 [INFO]: Connected to the PostgreSQL database
2024-11-15 09:51:20 [INFO]: Connecting to PostgreSQL at
2024-11-15 09:51:20 [INFO]: Server running on port 3003
2024-11-15 09:51:31 [INFO]: Connecting to PostgreSQL at
2024-11-15 09:51:31 [INFO]: Server running on port 3003
2024-11-15 09:51:33 [INFO]: Connecting to PostgreSQL at
2024-11-15 09:51:33 [INFO]: Connected to the PostgreSQL database
2024-11-15 09:51:52 [INFO]: Connecting to PostgreSQL at
2024-11-15 09:51:52 [INFO]: Server running on port 3003
2024-11-15 09:51:54 [INFO]: Connecting to PostgreSQL at
2024-11-15 09:51:54 [INFO]: Connected to the PostgreSQL database
2024-11-15 09:52:03 [INFO]: Connecting to PostgreSQL at
2024-11-15 09:52:03 [INFO]: Server running on port 3003
2024-11-15 09:52:06 [INFO]: Connecting to PostgreSQL at
2024-11-15 09:52:06 [INFO]: Connected to the PostgreSQL database
2024-11-15 09:52:51 [INFO]: Connecting to PostgreSQL at
2024-11-15 09:52:51 [INFO]: Server running on port 3003
2024-11-15 09:52:54 [INFO]: Connecting to PostgreSQL at
2024-11-15 09:52:54 [INFO]: Connected to the PostgreSQL database
2024-11-15 09:53:02 [INFO]: Connecting to PostgreSQL at
2024-11-15 09:53:02 [INFO]: Server running on port 3003
2024-11-15 09:53:20 [INFO]: Connecting to PostgreSQL at
2024-11-15 09:53:20 [INFO]: Server running on port 3003
2024-11-15 09:53:45 [INFO]: Connecting to PostgreSQL at
2024-11-15 09:53:45 [INFO]: Server running on port 3003
2024-11-15 09:53:49 [INFO]: Connecting to PostgreSQL at
2024-11-15 09:53:49 [INFO]: Connected to the PostgreSQL database
2024-11-15 09:54:06 [INFO]: Connecting to PostgreSQL at
2024-11-15 09:54:06 [INFO]: Server running on port 3003
2024-11-15 09:54:09 [INFO]: Connecting to PostgreSQL at
2024-11-15 09:54:10 [INFO]: Connected to the PostgreSQL database
2024-11-15 09:54:44 [INFO]: Connected to the PostgreSQL database
2024-11-15 09:55:00 [INFO]: Connecting to PostgreSQL at
2024-11-15 09:55:00 [INFO]: Server running on port 3003
2024-11-15 09:55:21 [INFO]: Connected to the PostgreSQL database
2024-11-15 09:56:05 [INFO]: Connecting to PostgreSQL at
2024-11-15 09:56:05 [INFO]: Server running on port 3003
2024-11-15 09:56:08 [INFO]: Connecting to PostgreSQL at
2024-11-15 09:56:08 [INFO]: Server running on port 3003
2024-11-15 09:56:10 [INFO]: Connecting to PostgreSQL at
2024-11-15 09:56:10 [INFO]: Connected to the PostgreSQL database
2024-11-15 09:57:15 [INFO]: Connecting to PostgreSQL at
2024-11-15 09:57:15 [INFO]: Server running on port 3003
2024-11-15 09:57:19 [INFO]: Connecting to PostgreSQL at
2024-11-15 09:57:19 [INFO]: Server running on port 3003
2024-11-15 09:57:26 [INFO]: Connecting to PostgreSQL at
2024-11-15 09:57:26 [INFO]: Server running on port 3003
2024-11-15 09:57:49 [INFO]: Connecting to PostgreSQL at
2024-11-15 09:57:49 [INFO]: Server running on port 3003
2024-11-15 09:57:49 [INFO]: Connecting to PostgreSQL at
2024-11-15 09:57:49 [INFO]: Server running on port 3003
2024-11-15 09:57:51 [INFO]: Connecting to PostgreSQL at
2024-11-15 09:57:51 [INFO]: Connected to the PostgreSQL database
2024-11-15 09:58:03 [INFO]: Connecting to PostgreSQL at
2024-11-15 09:58:03 [INFO]: Server running on port 3003
2024-11-15 09:58:06 [INFO]: Connecting to PostgreSQL at
2024-11-15 09:58:06 [INFO]: Connected to the PostgreSQL database
2024-11-15 09:59:04 [INFO]: Connecting to PostgreSQL at
2024-11-15 09:59:04 [INFO]: Server running on port 3003
2024-11-15 09:59:10 [INFO]: Connecting to PostgreSQL at
2024-11-15 09:59:10 [INFO]: Server running on port 3003
2024-11-15 09:59:14 [INFO]: Connecting to PostgreSQL at
2024-11-15 09:59:14 [INFO]: Server running on port 3003
2024-11-15 09:59:17 [INFO]: Connecting to PostgreSQL at
2024-11-15 09:59:17 [INFO]: Connected to the PostgreSQL database
2024-11-15 09:59:33 [INFO]: Connecting to PostgreSQL at
2024-11-15 09:59:33 [INFO]: Server running on port 3003
2024-11-15 09:59:35 [INFO]: Connecting to PostgreSQL at
2024-11-15 09:59:35 [INFO]: Connected to the PostgreSQL database
2024-11-15 10:00:30 [INFO]: Connected to the PostgreSQL database
2024-11-15 10:00:48 [INFO]: Connecting to PostgreSQL at
2024-11-15 10:00:48 [INFO]: Connected to the PostgreSQL database
2024-11-15 10:09:25 [INFO]: Connecting to PostgreSQL at
2024-11-15 10:09:25 [INFO]: Connected to the PostgreSQL database
2024-11-15 10:16:51 [INFO]: Connecting to PostgreSQL at
2024-11-15 10:16:51 [INFO]: Server running on port 3003
2024-11-15 10:16:55 [INFO]: Connecting to PostgreSQL at
2024-11-15 10:16:55 [INFO]: Server running on port 3003
2024-11-15 10:16:59 [INFO]: Connecting to PostgreSQL at
2024-11-15 10:16:59 [INFO]: Connected to the PostgreSQL database
2024-11-15 10:17:23 [INFO]: Connecting to PostgreSQL at
2024-11-15 10:17:23 [INFO]: Server running on port 3003
2024-11-15 10:17:26 [INFO]: Connecting to PostgreSQL at
2024-11-15 10:17:26 [INFO]: Connected to the PostgreSQL database
2024-11-15 10:17:36 [INFO]: Connecting to PostgreSQL at
2024-11-15 10:17:36 [INFO]: Server running on port 3003
2024-11-15 10:18:09 [INFO]: Connecting to PostgreSQL at
2024-11-15 10:18:09 [INFO]: Server running on port 3003
2024-11-15 10:18:14 [INFO]: Connecting to PostgreSQL at
2024-11-15 10:18:14 [INFO]: Server running on port 3003
2024-11-15 10:18:32 [INFO]: Connecting to PostgreSQL at
2024-11-15 10:18:32 [INFO]: Server running on port 3003
2024-11-15 10:18:34 [INFO]: Connecting to PostgreSQL at
2024-11-15 10:18:34 [INFO]: Connected to the PostgreSQL database
2024-11-15 10:19:25 [INFO]: Connecting to PostgreSQL at
2024-11-15 10:19:25 [INFO]: Server running on port 3003
2024-11-15 10:19:29 [INFO]: Connecting to PostgreSQL at
2024-11-15 10:19:29 [INFO]: Connected to the PostgreSQL database
2024-11-15 10:20:11 [INFO]: Connecting to PostgreSQL at
2024-11-15 10:20:11 [INFO]: Server running on port 3003
2024-11-15 10:20:23 [INFO]: Connecting to PostgreSQL at
2024-11-15 10:20:23 [INFO]: Server running on port 3003
2024-11-15 10:20:25 [INFO]: Connecting to PostgreSQL at
2024-11-15 10:20:25 [INFO]: Connected to the PostgreSQL database
2024-11-15 10:20:34 [INFO]: Connecting to PostgreSQL at
2024-11-15 10:20:34 [INFO]: Server running on port 3003
2024-11-15 10:20:57 [INFO]: Connecting to PostgreSQL at
2024-11-15 10:20:57 [INFO]: Connected to the PostgreSQL database
2024-11-15 10:22:09 [INFO]: Connecting to PostgreSQL at
2024-11-15 10:22:09 [INFO]: Server running on port 3003
2024-11-15 10:25:54 [INFO]: Connecting to PostgreSQL at
2024-11-15 10:25:54 [INFO]: Server running on port 3003
2024-11-15 10:26:36 [INFO]: Connecting to PostgreSQL at
2024-11-15 10:26:36 [INFO]: Server running on port 3003
2024-11-15 10:26:40 [INFO]: Connecting to PostgreSQL at
2024-11-15 10:26:40 [INFO]: Server running on port 3003
2024-11-15 10:26:45 [INFO]: Connecting to PostgreSQL at
2024-11-15 10:26:45 [INFO]: Server running on port 3003
2024-11-15 10:26:48 [INFO]: Connecting to PostgreSQL at
2024-11-15 10:26:48 [INFO]: Connected to the PostgreSQL database
2024-11-15 10:26:49 [ERROR]: Invalid token: jwt malformed
2024-11-15 10:26:54 [INFO]: Connecting to PostgreSQL at
2024-11-15 10:26:54 [INFO]: Server running on port 3003
2024-11-15 10:26:59 [INFO]: Connecting to PostgreSQL at
2024-11-15 10:26:59 [INFO]: Connected to the PostgreSQL database
2024-11-15 10:27:00 [ERROR]: Invalid token: jwt malformed
2024-11-15 10:27:19 [INFO]: Connecting to PostgreSQL at
2024-11-15 10:27:19 [INFO]: Server running on port 3003
2024-11-15 10:27:21 [INFO]: Connecting to PostgreSQL at
2024-11-15 10:27:21 [INFO]: Connected to the PostgreSQL database
2024-11-15 10:27:21 [ERROR]: Invalid token: jwt malformed
2024-11-15 10:27:33 [INFO]: Connecting to PostgreSQL at
2024-11-15 10:27:33 [INFO]: Server running on port 3003
2024-11-15 10:27:36 [INFO]: Connecting to PostgreSQL at
2024-11-15 10:27:36 [INFO]: Connected to the PostgreSQL database
2024-11-15 10:27:42 [INFO]: Connecting to PostgreSQL at
2024-11-15 10:27:42 [INFO]: Server running on port 3003
2024-11-15 10:27:51 [INFO]: Connecting to PostgreSQL at
2024-11-15 10:27:52 [INFO]: Connected to the PostgreSQL database
2024-11-15 10:28:32 [INFO]: Connecting to PostgreSQL at
2024-11-15 10:28:32 [INFO]: Server running on port 3003
2024-11-15 10:28:36 [INFO]: Connecting to PostgreSQL at
2024-11-15 10:28:36 [INFO]: Connected to the PostgreSQL database
2024-11-15 10:29:14 [INFO]: Connecting to PostgreSQL at
2024-11-15 10:29:14 [INFO]: Server running on port 3003
2024-11-15 10:29:23 [INFO]: Connecting to PostgreSQL at
2024-11-15 10:29:23 [INFO]: Server running on port 3003
2024-11-15 10:31:03 [INFO]: Connecting to PostgreSQL at
2024-11-15 10:31:03 [INFO]: Server running on port 3003
2024-11-15 10:31:05 [INFO]: Connecting to PostgreSQL at
2024-11-15 10:31:05 [INFO]: Server running on port 3003
2024-11-15 10:31:08 [INFO]: Connecting to PostgreSQL at
2024-11-15 10:31:08 [INFO]: Server running on port 3003
2024-11-15 10:31:20 [INFO]: Connected to the PostgreSQL database
2024-11-15 10:31:36 [INFO]: Connecting to PostgreSQL at
2024-11-15 10:31:36 [INFO]: Server running on port 3003
2024-11-15 10:31:39 [INFO]: Connecting to PostgreSQL at
2024-11-15 10:31:39 [INFO]: Connected to the PostgreSQL database
2024-11-15 10:31:53 [INFO]: Connecting to PostgreSQL at
2024-11-15 10:31:53 [INFO]: Server running on port 3003
2024-11-15 10:31:55 [INFO]: Connecting to PostgreSQL at
2024-11-15 10:31:55 [INFO]: Server running on port 3003
2024-11-15 10:31:57 [INFO]: Connecting to PostgreSQL at
2024-11-15 10:31:57 [INFO]: Server running on port 3003
2024-11-15 10:31:58 [INFO]: Connecting to PostgreSQL at
2024-11-15 10:31:58 [INFO]: Server running on port 3003
2024-11-15 10:31:59 [INFO]: Connecting to PostgreSQL at
2024-11-15 10:31:59 [INFO]: Server running on port 3003
2024-11-15 10:32:00 [INFO]: Connecting to PostgreSQL at
2024-11-15 10:32:00 [INFO]: Server running on port 3003
2024-11-15 10:34:57 [INFO]: Connecting to PostgreSQL at
2024-11-15 10:34:57 [INFO]: Server running on port 3003
2024-11-15 10:35:15 [INFO]: Connecting to PostgreSQL at
2024-11-15 10:35:15 [INFO]: Server running on port 3003
2024-11-15 10:35:22 [INFO]: Connecting to PostgreSQL at
2024-11-15 10:35:22 [INFO]: Server running on port 3003
2024-11-15 10:35:26 [INFO]: Connecting to PostgreSQL at
2024-11-15 10:35:26 [INFO]: Connected to the PostgreSQL database
2024-11-15 10:36:07 [INFO]: Connecting to PostgreSQL at
2024-11-15 10:36:07 [INFO]: Server running on port 3003
2024-11-15 10:36:09 [INFO]: Connecting to PostgreSQL at
2024-11-15 10:36:09 [INFO]: Connected to the PostgreSQL database
2024-11-15 10:36:29 [INFO]: Connecting to PostgreSQL at
2024-11-15 10:36:29 [INFO]: Server running on port 3003
2024-11-15 10:36:47 [INFO]: Connecting to PostgreSQL at
2024-11-15 10:36:47 [INFO]: Server running on port 3003
2024-11-15 10:36:50 [INFO]: Connecting to PostgreSQL at
2024-11-15 10:36:50 [INFO]: Connected to the PostgreSQL database
2024-11-15 10:37:04 [INFO]: Connected to the PostgreSQL database
2024-11-15 10:37:31 [INFO]: Connecting to PostgreSQL at
2024-11-15 10:37:31 [INFO]: Server running on port 3003
2024-11-15 10:37:50 [INFO]: Connecting to PostgreSQL at
2024-11-15 10:37:50 [INFO]: Server running on port 3003
2024-11-15 10:37:51 [INFO]: Connecting to PostgreSQL at
2024-11-15 10:37:51 [INFO]: Server running on port 3003
2024-11-15 10:37:52 [INFO]: Connecting to PostgreSQL at
2024-11-15 10:37:52 [INFO]: Server running on port 3003
2024-11-15 10:37:59 [INFO]: Connecting to PostgreSQL at
2024-11-15 10:37:59 [INFO]: Server running on port 3003
2024-11-15 10:38:03 [INFO]: Connecting to PostgreSQL at
2024-11-15 10:38:03 [INFO]: Server running on port 3003
2024-11-15 10:38:10 [INFO]: Connecting to PostgreSQL at
2024-11-15 10:38:10 [INFO]: Server running on port 3003
2024-11-15 10:38:19 [INFO]: Connecting to PostgreSQL at
2024-11-15 10:38:19 [INFO]: Server running on port 3003
2024-11-15 10:38:20 [INFO]: Connecting to PostgreSQL at
2024-11-15 10:38:20 [INFO]: Server running on port 3003
2024-11-15 10:38:22 [INFO]: Connecting to PostgreSQL at
2024-11-15 10:38:22 [INFO]: Server running on port 3003
2024-11-15 10:38:27 [INFO]: Connecting to PostgreSQL at
2024-11-15 10:38:27 [INFO]: Server running on port 3003
2024-11-15 10:38:29 [INFO]: Connecting to PostgreSQL at
2024-11-15 10:38:29 [INFO]: Server running on port 3003
2024-11-15 10:38:42 [INFO]: Connecting to PostgreSQL at
2024-11-15 10:38:42 [INFO]: Server running on port 3003
2024-11-15 10:38:48 [INFO]: Connecting to PostgreSQL at
2024-11-15 10:38:48 [INFO]: Server running on port 3003
2024-11-15 10:39:10 [INFO]: Connecting to PostgreSQL at
2024-11-15 10:39:10 [INFO]: Server running on port 3003
2024-11-15 10:39:22 [INFO]: Connecting to PostgreSQL at
2024-11-15 10:39:22 [INFO]: Server running on port 3003
2024-11-15 10:39:29 [INFO]: Connecting to PostgreSQL at
2024-11-15 10:39:29 [INFO]: Server running on port 3003
2024-11-15 10:39:40 [INFO]: Connecting to PostgreSQL at
2024-11-15 10:39:40 [INFO]: Server running on port 3003
2024-11-15 10:39:42 [INFO]: Connecting to PostgreSQL at
2024-11-15 10:39:42 [INFO]: Server running on port 3003
2024-11-15 10:39:50 [INFO]: Connecting to PostgreSQL at
2024-11-15 10:39:50 [INFO]: Connected to the PostgreSQL database
2024-11-15 10:40:52 [INFO]: Connecting to PostgreSQL at
2024-11-15 10:40:52 [INFO]: Server running on port 3003
2024-11-15 10:41:59 [INFO]: Connecting to PostgreSQL at
2024-11-15 10:41:59 [INFO]: Server running on port 3003
2024-11-15 10:42:01 [INFO]: Connecting to PostgreSQL at
2024-11-15 10:42:01 [INFO]: Connected to the PostgreSQL database
2024-11-15 10:43:19 [INFO]: Connecting to PostgreSQL at
2024-11-15 10:43:19 [INFO]: Server running on port 3003
2024-11-15 10:43:20 [INFO]: Connecting to PostgreSQL at
2024-11-15 10:43:20 [INFO]: Connected to the PostgreSQL database
2024-11-15 10:45:37 [INFO]: Connecting to PostgreSQL at
2024-11-15 10:45:37 [INFO]: Server running on port 3003
2024-11-15 10:45:47 [INFO]: Connecting to PostgreSQL at
2024-11-15 10:45:47 [INFO]: Connected to the PostgreSQL database
2024-11-15 10:46:16 [INFO]: Connecting to PostgreSQL at
2024-11-15 10:46:16 [INFO]: Server running on port 3003
2024-11-15 10:46:40 [INFO]: Connecting to PostgreSQL at
2024-11-15 10:46:40 [INFO]: Server running on port 3003
2024-11-15 10:46:49 [INFO]: Connecting to PostgreSQL at
2024-11-15 10:46:49 [INFO]: Server running on port 3003
2024-11-15 10:46:57 [INFO]: Connecting to PostgreSQL at
2024-11-15 10:46:57 [INFO]: Server running on port 3003
2024-11-15 10:56:52 [ERROR]: Invalid token: jwt expired
2024-11-15 10:56:57 [INFO]: Connected to the PostgreSQL database
2024-11-15 10:57:52 [INFO]: Connecting to PostgreSQL at
2024-11-15 10:57:52 [INFO]: Connected to the PostgreSQL database
2024-11-15 10:58:09 [INFO]: Connecting to PostgreSQL at
2024-11-15 10:58:09 [INFO]: Server running on port 3003
2024-11-15 10:58:25 [INFO]: Connecting to PostgreSQL at
2024-11-15 10:58:25 [INFO]: Server running on port 3003
2024-11-15 10:58:27 [INFO]: Connecting to PostgreSQL at
2024-11-15 10:58:27 [INFO]: Connected to the PostgreSQL database
2024-11-15 10:58:30 [INFO]: Connecting to PostgreSQL at
2024-11-15 10:58:30 [INFO]: Server running on port 3003
2024-11-15 10:58:37 [INFO]: Connecting to PostgreSQL at
2024-11-15 10:58:37 [INFO]: Connected to the PostgreSQL database
