2024-11-12 11:57:08 [ERROR]: Invalid token: jwt malformed
2024-11-12 13:20:11 [ERROR]: Invalid token: jwt malformed
2024-11-12 13:30:31 [ERROR]: Invalid token: jwt malformed
2024-11-12 13:35:19 [ERROR]: Invalid token: jwt malformed
2024-11-12 13:36:11 [ERROR]: Invalid token: jwt malformed
2024-11-12 13:36:49 [ERROR]: Invalid token: jwt malformed
2024-11-12 13:37:12 [ERROR]: Invalid token: jwt malformed
2024-11-12 13:39:07 [ERROR]: Invalid token: jwt malformed
2024-11-12 13:40:07 [ERROR]: Invalid token: jwt malformed
2024-11-12 13:47:03 [ERROR]: Invalid token: jwt malformed
2024-11-12 13:47:50 [ERROR]: Expected double-quoted property name in JSON at position 95
2024-11-12 13:49:53 [ERROR]: Invalid token: jwt malformed
2024-11-12 13:53:35 [ERROR]: Invalid token: jwt malformed
2024-11-12 13:54:44 [ERROR]: Invalid token: jwt malformed
2024-11-12 13:55:54 [ERROR]: Expected property name or '}' in JSON at position 13
2024-11-12 13:56:37 [ERROR]: Expected property name or '}' in JSON at position 13
2024-11-12 13:57:38 [ERROR]: Invalid token: jwt malformed
2024-11-12 13:58:34 [ERROR]: Invalid token: jwt malformed
2024-11-12 14:07:43 [ERROR]: Expected property name or '}' in JSON at position 13
2024-11-12 14:08:14 [ERROR]: Invalid token: jwt malformed
2024-11-12 14:08:32 [ERROR]: Invalid token: jwt expired
2024-11-12 14:09:26 [ERROR]: Invalid token: jwt malformed
2024-11-12 14:09:56 [ERROR]: Invalid token: jwt malformed
2024-11-12 14:11:02 [ERROR]: Invalid token: jwt malformed
2024-11-12 14:21:45 [ERROR]: Invalid token: jwt malformed
2024-11-12 14:31:17 [ERROR]: Invalid token: jwt malformed
2024-11-12 14:31:32 [ERROR]: Invalid token: jwt malformed
2024-11-12 14:33:38 [ERROR]: todoModel.getTodos is not a function
2024-11-12 14:33:38 [ERROR]: todoModel.getTodos is not a function
2024-11-12 14:33:52 [ERROR]: todoModel.getTodos is not a function
2024-11-12 14:33:52 [ERROR]: todoModel.getTodos is not a function
